#
# There is insufficient memory for the Java Runtime Environment to continue.
# Native memory allocation (malloc) failed to allocate 65552 bytes for Chunk::new
# Possible reasons:
#   The system is out of physical RAM or swap space
#   The process is running with CompressedOops enabled, and the Java Heap may be blocking the growth of the native heap
# Possible solutions:
#   Reduce memory load on the system
#   Increase physical memory or swap space
#   Check if swap backing store is full
#   Decrease Java heap size (-Xmx/-Xms)
#   Decrease number of Java threads
#   Decrease Java thread stack sizes (-Xss)
#   Set larger code cache with -XX:ReservedCodeCacheSize=
#   JVM is running with Unscaled Compressed Oops mode in which the Java heap is
#     placed in the first 4GB address space. The Java Heap base address is the
#     maximum limit for the native heap growth. Please use -XX:HeapBaseMinAddress
#     to set the Java Heap base and to place the Java Heap above 4GB virtual address.
# This output file may be truncated or incomplete.
#
#  Out of Memory Error (t:/workspace/open/src/hotspot/share/memory/arena.cpp:197), pid=5888, tid=18080
#
# JRE version: Java(TM) SE Runtime Environment (11.0.6+8) (build 11.0.6+8-LTS)
# Java VM: Java HotSpot(TM) 64-Bit Server VM (11.0.6+8-LTS, mixed mode, tiered, compressed oops, g1 gc, windows-amd64)
# No core dump will be written. Minidumps are not enabled by default on client versions of Windows
#

---------------  S U M M A R Y ------------

Command Line: --add-opens=java.base/java.util=ALL-UNNAMED --add-opens=java.base/java.lang=ALL-UNNAMED --add-opens=java.base/java.lang.invoke=ALL-UNNAMED --add-opens=java.prefs/java.util.prefs=ALL-UNNAMED -XX:MaxMetaspaceSize=256m -XX:+HeapDumpOnOutOfMemoryError -Xms256m -Xmx512m -Dfile.encoding=GBK -Duser.country=CN -Duser.language=zh -Duser.variant org.gradle.launcher.daemon.bootstrap.GradleDaemon 6.8

Host: Intel(R) Core(TM) i7-8750H CPU @ 2.20GHz, 12 cores, 15G,  Windows 10 , 64 bit Build 22000 (10.0.22000.1335)
Time: Fri Feb  3 11:43:24 2023 中国标准时间 elapsed time: 34 seconds (0d 0h 0m 34s)

---------------  T H R E A D  ---------------

Current thread (0x00000261b4bba000):  JavaThread "C2 CompilerThread0" daemon [_thread_in_native, id=18080, stack(0x0000009b87400000,0x0000009b87500000)]


Current CompileTask:
C2:  34327 7272       4       org.gradle.internal.service.DefaultServiceRegistry$OwnServices$ProviderAnalyser::analyseType (114 bytes)

Stack: [0x0000009b87400000,0x0000009b87500000]
Native frames: (J=compiled Java code, j=interpreted, Vv=VM code, C=native code)
V  [jvm.dll+0x63679a]
V  [jvm.dll+0x7755bf]
V  [jvm.dll+0x776c65]
V  [jvm.dll+0x7772d3]
V  [jvm.dll+0x25e7f8]
V  [jvm.dll+0xc1c01]
V  [jvm.dll+0xc219c]
V  [jvm.dll+0xc1cf0]
V  [jvm.dll+0x6159cf]
V  [jvm.dll+0x21f20b]
V  [jvm.dll+0x66265a]
V  [jvm.dll+0x66279a]
V  [jvm.dll+0x219941]
V  [jvm.dll+0x2173d6]
V  [jvm.dll+0x193a2c]
V  [jvm.dll+0x226544]
V  [jvm.dll+0x224b28]
V  [jvm.dll+0x73a9c5]
V  [jvm.dll+0x733905]
V  [jvm.dll+0x635846]
C  [ucrtbase.dll+0x26c0c]
C  [KERNEL32.DLL+0x155a0]
C  [ntdll.dll+0x485b]


---------------  P R O C E S S  ---------------

Threads class SMR info:
_java_thread_list=0x00000261bd842410, length=60, elements={
0x0000026198ae0000, 0x00000261b431e800, 0x00000261b434b800, 0x00000261b4bb7800,
0x00000261b4bb9000, 0x00000261b4bba000, 0x00000261b4bc3000, 0x00000261b4bcb800,
0x00000261b4d33800, 0x00000261b4d68800, 0x00000261b6c26800, 0x00000261b6604000,
0x00000261b8253000, 0x00000261b91a8800, 0x00000261b7f3f800, 0x00000261b5c98800,
0x00000261b5c9c000, 0x00000261b5c9c800, 0x00000261b5c9e800, 0x00000261b5c9a800,
0x00000261bbdf3000, 0x00000261bbdfb800, 0x00000261bbe02000, 0x00000261b83b2800,
0x00000261b83b8000, 0x00000261b83b7000, 0x00000261b83b3000, 0x00000261b83b9000,
0x00000261b83b4000, 0x00000261b83b5800, 0x00000261b83b6800, 0x00000261b83b9800,
0x00000261b83b4800, 0x00000261b83bf800, 0x00000261b83bd800, 0x00000261b83bb800,
0x00000261b83bc000, 0x00000261b83c0000, 0x00000261b83be800, 0x00000261b83ba800,
0x00000261b83c1000, 0x00000261b83bd000, 0x00000261b9882800, 0x00000261b9883800,
0x00000261b9887800, 0x00000261b9881800, 0x00000261b9888000, 0x00000261b988a000,
0x00000261b9889000, 0x00000261b9885000, 0x00000261b9884000, 0x00000261b988a800,
0x00000261b988b800, 0x00000261b9886000, 0x00000261b988c800, 0x00000261b9886800,
0x00000261b624a800, 0x00000261b6246800, 0x00000261b6245000, 0x00000261b8ac7800
}

Java Threads: ( => current thread )
  0x0000026198ae0000 JavaThread "main" [_thread_blocked, id=22456, stack(0x0000009b86900000,0x0000009b86a00000)]
  0x00000261b431e800 JavaThread "Reference Handler" daemon [_thread_blocked, id=7728, stack(0x0000009b87000000,0x0000009b87100000)]
  0x00000261b434b800 JavaThread "Finalizer" daemon [_thread_blocked, id=17964, stack(0x0000009b87100000,0x0000009b87200000)]
  0x00000261b4bb7800 JavaThread "Signal Dispatcher" daemon [_thread_blocked, id=26088, stack(0x0000009b87200000,0x0000009b87300000)]
  0x00000261b4bb9000 JavaThread "Attach Listener" daemon [_thread_blocked, id=22208, stack(0x0000009b87300000,0x0000009b87400000)]
=>0x00000261b4bba000 JavaThread "C2 CompilerThread0" daemon [_thread_in_native, id=18080, stack(0x0000009b87400000,0x0000009b87500000)]
  0x00000261b4bc3000 JavaThread "C1 CompilerThread0" daemon [_thread_blocked, id=28552, stack(0x0000009b87500000,0x0000009b87600000)]
  0x00000261b4bcb800 JavaThread "Sweeper thread" daemon [_thread_blocked, id=26916, stack(0x0000009b87600000,0x0000009b87700000)]
  0x00000261b4d33800 JavaThread "Common-Cleaner" daemon [_thread_blocked, id=14436, stack(0x0000009b87700000,0x0000009b87800000)]
  0x00000261b4d68800 JavaThread "Service Thread" daemon [_thread_blocked, id=26412, stack(0x0000009b87800000,0x0000009b87900000)]
  0x00000261b6c26800 JavaThread "Daemon health stats" [_thread_blocked, id=19968, stack(0x0000009b88100000,0x0000009b88200000)]
  0x00000261b6604000 JavaThread "Incoming local TCP Connector on port 10049" [_thread_in_native, id=4660, stack(0x0000009b88200000,0x0000009b88300000)]
  0x00000261b8253000 JavaThread "Daemon periodic checks" [_thread_blocked, id=8476, stack(0x0000009b88300000,0x0000009b88400000)]
  0x00000261b91a8800 JavaThread "Daemon" [_thread_blocked, id=20236, stack(0x0000009b88400000,0x0000009b88500000)]
  0x00000261b7f3f800 JavaThread "Daemon worker" [_thread_blocked, id=19472, stack(0x0000009b88700000,0x0000009b88800000)]
  0x00000261b5c98800 JavaThread "Cache worker for file hash cache (C:\study\java\ideaIU-2018.3.3\gradle-7.6\caches\6.8\fileHashes)" [_thread_blocked, id=2020, stack(0x0000009b88b00000,0x0000009b88c00000)]
  0x00000261b5c9c000 JavaThread "File lock request listener" [_thread_in_native, id=22392, stack(0x0000009b88c00000,0x0000009b88d00000)]
  0x00000261b5c9c800 JavaThread "Cache worker for journal cache (C:\study\java\ideaIU-2018.3.3\gradle-7.6\caches\journal-1)" [_thread_blocked, id=8680, stack(0x0000009b89300000,0x0000009b89400000)]
  0x00000261b5c9e800 JavaThread "Cache worker for execution history cache (C:\study\java\ideaIU-2018.3.3\gradle-7.6\caches\6.8\executionHistory)" [_thread_blocked, id=20268, stack(0x0000009b89a00000,0x0000009b89b00000)]
  0x00000261b5c9a800 JavaThread "jar transforms" [_thread_blocked, id=20240, stack(0x0000009b89b00000,0x0000009b89c00000)]
  0x00000261bbdf3000 JavaThread "Cache worker for file content cache (C:\study\java\ideaIU-2018.3.3\gradle-7.6\caches\6.8\fileContent)" [_thread_blocked, id=22344, stack(0x0000009b89c00000,0x0000009b89d00000)]
  0x00000261bbdfb800 JavaThread "jar transforms Thread 2" [_thread_blocked, id=25324, stack(0x0000009b8aa00000,0x0000009b8ab00000)]
  0x00000261bbe02000 JavaThread "jar transforms Thread 3" [_thread_blocked, id=13836, stack(0x0000009b8ab00000,0x0000009b8ac00000)]
  0x00000261b83b2800 JavaThread "jar transforms Thread 4" [_thread_blocked, id=12352, stack(0x0000009b8ac00000,0x0000009b8ad00000)]
  0x00000261b83b8000 JavaThread "jar transforms Thread 5" [_thread_blocked, id=29680, stack(0x0000009b8ad00000,0x0000009b8ae00000)]
  0x00000261b83b7000 JavaThread "jar transforms Thread 6" [_thread_blocked, id=14200, stack(0x0000009b8ae00000,0x0000009b8af00000)]
  0x00000261b83b3000 JavaThread "jar transforms Thread 7" [_thread_blocked, id=1816, stack(0x0000009b8af00000,0x0000009b8b000000)]
  0x00000261b83b9000 JavaThread "jar transforms Thread 8" [_thread_blocked, id=14600, stack(0x0000009b8b000000,0x0000009b8b100000)]
  0x00000261b83b4000 JavaThread "jar transforms Thread 9" [_thread_blocked, id=20108, stack(0x0000009b8b100000,0x0000009b8b200000)]
  0x00000261b83b5800 JavaThread "jar transforms Thread 10" [_thread_blocked, id=21720, stack(0x0000009b8b200000,0x0000009b8b300000)]
  0x00000261b83b6800 JavaThread "jar transforms Thread 11" [_thread_blocked, id=27208, stack(0x0000009b8b300000,0x0000009b8b400000)]
  0x00000261b83b9800 JavaThread "jar transforms Thread 12" [_thread_blocked, id=27540, stack(0x0000009b8b400000,0x0000009b8b500000)]
  0x00000261b83b4800 JavaThread "jar transforms Thread 13" [_thread_blocked, id=3580, stack(0x0000009b8b500000,0x0000009b8b600000)]
  0x00000261b83bf800 JavaThread "jar transforms Thread 14" [_thread_blocked, id=24784, stack(0x0000009b8b600000,0x0000009b8b700000)]
  0x00000261b83bd800 JavaThread "jar transforms Thread 15" [_thread_blocked, id=22608, stack(0x0000009b8b700000,0x0000009b8b800000)]
  0x00000261b83bb800 JavaThread "jar transforms Thread 16" [_thread_blocked, id=11652, stack(0x0000009b8b800000,0x0000009b8b900000)]
  0x00000261b83bc000 JavaThread "jar transforms Thread 17" [_thread_blocked, id=24236, stack(0x0000009b8b900000,0x0000009b8ba00000)]
  0x00000261b83c0000 JavaThread "jar transforms Thread 18" [_thread_blocked, id=2880, stack(0x0000009b8ba00000,0x0000009b8bb00000)]
  0x00000261b83be800 JavaThread "jar transforms Thread 19" [_thread_blocked, id=22396, stack(0x0000009b8bb00000,0x0000009b8bc00000)]
  0x00000261b83ba800 JavaThread "jar transforms Thread 20" [_thread_blocked, id=23900, stack(0x0000009b8bc00000,0x0000009b8bd00000)]
  0x00000261b83c1000 JavaThread "jar transforms Thread 21" [_thread_blocked, id=21740, stack(0x0000009b8bd00000,0x0000009b8be00000)]
  0x00000261b83bd000 JavaThread "jar transforms Thread 22" [_thread_blocked, id=16688, stack(0x0000009b8be00000,0x0000009b8bf00000)]
  0x00000261b9882800 JavaThread "jar transforms Thread 23" [_thread_blocked, id=25932, stack(0x0000009b8bf00000,0x0000009b8c000000)]
  0x00000261b9883800 JavaThread "jar transforms Thread 24" [_thread_blocked, id=18356, stack(0x0000009b8c000000,0x0000009b8c100000)]
  0x00000261b9887800 JavaThread "jar transforms Thread 25" [_thread_blocked, id=26352, stack(0x0000009b8c100000,0x0000009b8c200000)]
  0x00000261b9881800 JavaThread "jar transforms Thread 26" [_thread_blocked, id=25780, stack(0x0000009b8c200000,0x0000009b8c300000)]
  0x00000261b9888000 JavaThread "jar transforms Thread 27" [_thread_blocked, id=21436, stack(0x0000009b8c300000,0x0000009b8c400000)]
  0x00000261b988a000 JavaThread "jar transforms Thread 28" [_thread_blocked, id=29612, stack(0x0000009b8c400000,0x0000009b8c500000)]
  0x00000261b9889000 JavaThread "jar transforms Thread 29" [_thread_blocked, id=26308, stack(0x0000009b8c500000,0x0000009b8c600000)]
  0x00000261b9885000 JavaThread "jar transforms Thread 30" [_thread_blocked, id=17508, stack(0x0000009b8c600000,0x0000009b8c700000)]
  0x00000261b9884000 JavaThread "jar transforms Thread 31" [_thread_blocked, id=26168, stack(0x0000009b8c700000,0x0000009b8c800000)]
  0x00000261b988a800 JavaThread "jar transforms Thread 32" [_thread_blocked, id=5588, stack(0x0000009b8c800000,0x0000009b8c900000)]
  0x00000261b988b800 JavaThread "jar transforms Thread 33" [_thread_blocked, id=27316, stack(0x0000009b8c900000,0x0000009b8ca00000)]
  0x00000261b9886000 JavaThread "jar transforms Thread 34" [_thread_blocked, id=22092, stack(0x0000009b8ca00000,0x0000009b8cb00000)]
  0x00000261b988c800 JavaThread "jar transforms Thread 35" [_thread_blocked, id=14844, stack(0x0000009b8cb00000,0x0000009b8cc00000)]
  0x00000261b9886800 JavaThread "Memory manager" [_thread_blocked, id=16612, stack(0x0000009b8cc00000,0x0000009b8cd00000)]
  0x00000261b624a800 JavaThread "Exec process" [_thread_blocked, id=23872, stack(0x0000009b89800000,0x0000009b89900000)]
  0x00000261b6246800 JavaThread "Exec process Thread 2" [_thread_blocked, id=26956, stack(0x0000009b8d900000,0x0000009b8da00000)]
  0x00000261b6245000 JavaThread "Exec process Thread 3" [_thread_blocked, id=10348, stack(0x0000009b8da00000,0x0000009b8db00000)]
  0x00000261b8ac7800 JavaThread "C2 CompilerThread1" daemon [_thread_blocked, id=22052, stack(0x0000009b88800000,0x0000009b88900000)]

Other Threads:
  0x00000261b431c800 VMThread "VM Thread" [stack: 0x0000009b86f00000,0x0000009b87000000] [id=8932]
  0x00000261b4d6e000 WatcherThread [stack: 0x0000009b87900000,0x0000009b87a00000] [id=18480]
  0x0000026198af5800 GCTaskThread "GC Thread#0" [stack: 0x0000009b86a00000,0x0000009b86b00000] [id=5712]
  0x00000261b575e000 GCTaskThread "GC Thread#1" [stack: 0x0000009b87c00000,0x0000009b87d00000] [id=28228]
  0x00000261b5637800 GCTaskThread "GC Thread#2" [stack: 0x0000009b87d00000,0x0000009b87e00000] [id=9784]
  0x00000261b5638000 GCTaskThread "GC Thread#3" [stack: 0x0000009b87e00000,0x0000009b87f00000] [id=24244]
  0x00000261b5d79000 GCTaskThread "GC Thread#4" [stack: 0x0000009b87f00000,0x0000009b88000000] [id=22784]
  0x00000261b5d79800 GCTaskThread "GC Thread#5" [stack: 0x0000009b88000000,0x0000009b88100000] [id=27804]
  0x00000261b685f000 GCTaskThread "GC Thread#6" [stack: 0x0000009b88d00000,0x0000009b88e00000] [id=24400]
  0x00000261b6470800 GCTaskThread "GC Thread#7" [stack: 0x0000009b88e00000,0x0000009b88f00000] [id=20280]
  0x00000261b647c800 GCTaskThread "GC Thread#8" [stack: 0x0000009b88f00000,0x0000009b89000000] [id=24352]
  0x00000261b5a15000 GCTaskThread "GC Thread#9" [stack: 0x0000009b89000000,0x0000009b89100000] [id=2724]
  0x0000026198b0a800 ConcurrentGCThread "G1 Main Marker" [stack: 0x0000009b86b00000,0x0000009b86c00000] [id=26944]
  0x0000026198b0b800 ConcurrentGCThread "G1 Conc#0" [stack: 0x0000009b86c00000,0x0000009b86d00000] [id=15788]
  0x00000261b6c83000 ConcurrentGCThread "G1 Conc#1" [stack: 0x0000009b89100000,0x0000009b89200000] [id=18716]
  0x00000261b5ff3800 ConcurrentGCThread "G1 Conc#2" [stack: 0x0000009b89200000,0x0000009b89300000] [id=23924]
  0x00000261b41bc800 ConcurrentGCThread "G1 Refine#0" [stack: 0x0000009b86d00000,0x0000009b86e00000] [id=28004]
  0x00000261b8437800 ConcurrentGCThread "G1 Refine#1" [stack: 0x0000009b89500000,0x0000009b89600000] [id=27280]
  0x00000261b41bd800 ConcurrentGCThread "G1 Young RemSet Sampling" [stack: 0x0000009b86e00000,0x0000009b86f00000] [id=772]

Threads with active compile tasks:
C2 CompilerThread07272       4       org.gradle.internal.service.DefaultServiceRegistry$OwnServices$ProviderAnalyser::analyseType (114 bytes)

VM state:not at safepoint (normal execution)

VM Mutex/Monitor currently owned by a thread: None

OutOfMemory and StackOverflow Exception counts:
OutOfMemoryError java_heap_errors=1
LinkageErrors=113

Heap address: 0x00000000e0000000, size: 512 MB, Compressed Oops mode: 32-bit
Narrow klass base: 0x0000000000000000, Narrow klass shift: 3
Compressed class space size: 260046848 Address: 0x0000000100000000

Heap:
 garbage-first heap   total 262144K, used 130720K [0x00000000e0000000, 0x0000000100000000)
  region size 1024K, 105 young (107520K), 11 survivors (11264K)
 Metaspace       used 62906K, capacity 64982K, committed 65276K, reserved 311296K
  class space    used 8209K, capacity 8995K, committed 9088K, reserved 253952K
Heap Regions: E=young(eden), S=young(survivor), O=old, HS=humongous(starts), HC=humongous(continues), CS=collection set, F=free, A=archive, TAMS=top-at-mark-start (previous, next)
|   0|0x00000000e0000000, 0x00000000e0100000, 0x00000000e0100000|100%| O|  |TAMS 0x00000000e0100000, 0x00000000e0000000| Untracked 
|   1|0x00000000e0100000, 0x00000000e0200000, 0x00000000e0200000|100%| O|  |TAMS 0x00000000e0200000, 0x00000000e0100000| Untracked 
|   2|0x00000000e0200000, 0x00000000e0300000, 0x00000000e0300000|100%| O|  |TAMS 0x00000000e0300000, 0x00000000e0200000| Untracked 
|   3|0x00000000e0300000, 0x00000000e0400000, 0x00000000e0400000|100%|HS|  |TAMS 0x00000000e0400000, 0x00000000e0300000| Complete 
|   4|0x00000000e0400000, 0x00000000e0500000, 0x00000000e0500000|100%|HC|  |TAMS 0x00000000e0500000, 0x00000000e0400000| Complete 
|   5|0x00000000e0500000, 0x00000000e0600000, 0x00000000e0600000|100%|HC|  |TAMS 0x00000000e0600000, 0x00000000e0500000| Complete 
|   6|0x00000000e0600000, 0x00000000e0700000, 0x00000000e0700000|100%| O|  |TAMS 0x00000000e0700000, 0x00000000e0600000| Untracked 
|   7|0x00000000e0700000, 0x00000000e0800000, 0x00000000e0800000|100%| O|  |TAMS 0x00000000e0800000, 0x00000000e0700000| Untracked 
|   8|0x00000000e0800000, 0x00000000e0900000, 0x00000000e0900000|100%| O|  |TAMS 0x00000000e0900000, 0x00000000e0800000| Untracked 
|   9|0x00000000e0900000, 0x00000000e0a00000, 0x00000000e0a00000|100%| O|  |TAMS 0x00000000e0a00000, 0x00000000e0900000| Untracked 
|  10|0x00000000e0a00000, 0x00000000e0b00000, 0x00000000e0b00000|100%| O|  |TAMS 0x00000000e0b00000, 0x00000000e0a00000| Untracked 
|  11|0x00000000e0b00000, 0x00000000e0c00000, 0x00000000e0c00000|100%| O|  |TAMS 0x00000000e0c00000, 0x00000000e0b00000| Untracked 
|  12|0x00000000e0c00000, 0x00000000e0d00000, 0x00000000e0d00000|100%| O|  |TAMS 0x00000000e0d00000, 0x00000000e0c00000| Untracked 
|  13|0x00000000e0d00000, 0x00000000e0e00000, 0x00000000e0e00000|100%| O|  |TAMS 0x00000000e0e00000, 0x00000000e0d00000| Untracked 
|  14|0x00000000e0e00000, 0x00000000e0f00000, 0x00000000e0f00000|100%| O|  |TAMS 0x00000000e0f00000, 0x00000000e0e00000| Untracked 
|  15|0x00000000e0f00000, 0x00000000e1000000, 0x00000000e1000000|100%| O|  |TAMS 0x00000000e1000000, 0x00000000e0f00000| Untracked 
|  16|0x00000000e1000000, 0x00000000e1100000, 0x00000000e1100000|100%| O|  |TAMS 0x00000000e1100000, 0x00000000e1000000| Untracked 
|  17|0x00000000e1100000, 0x00000000e1200000, 0x00000000e1200000|100%| O|  |TAMS 0x00000000e1200000, 0x00000000e1100000| Untracked 
|  18|0x00000000e1200000, 0x00000000e1300000, 0x00000000e1300000|100%| O|  |TAMS 0x00000000e1300000, 0x00000000e1200000| Untracked 
|  19|0x00000000e1300000, 0x00000000e1400000, 0x00000000e1400000|100%| O|  |TAMS 0x00000000e1400000, 0x00000000e1300000| Untracked 
|  20|0x00000000e1400000, 0x00000000e1500000, 0x00000000e1500000|100%| O|  |TAMS 0x00000000e1500000, 0x00000000e1400000| Untracked 
|  21|0x00000000e1500000, 0x00000000e1600000, 0x00000000e1600000|100%| O|  |TAMS 0x00000000e1600000, 0x00000000e1500000| Untracked 
|  22|0x00000000e1600000, 0x00000000e1700000, 0x00000000e1700000|100%| O|  |TAMS 0x00000000e1700000, 0x00000000e1600000| Untracked 
|  23|0x00000000e1700000, 0x00000000e1800000, 0x00000000e1800000|100%| O|  |TAMS 0x00000000e1800000, 0x00000000e1700000| Untracked 
|  24|0x00000000e1800000, 0x00000000e1900000, 0x00000000e1900000|100%| O|  |TAMS 0x00000000e1900000, 0x00000000e1800000| Untracked 
|  25|0x00000000e1900000, 0x00000000e190de00, 0x00000000e1a00000|  5%| O|  |TAMS 0x00000000e190de00, 0x00000000e1900000| Untracked 
|  26|0x00000000e1a00000, 0x00000000e1a00000, 0x00000000e1b00000|  0%| F|  |TAMS 0x00000000e1a00000, 0x00000000e1a00000| Untracked 
|  27|0x00000000e1b00000, 0x00000000e1b00000, 0x00000000e1c00000|  0%| F|  |TAMS 0x00000000e1b00000, 0x00000000e1b00000| Untracked 
|  28|0x00000000e1c00000, 0x00000000e1c00000, 0x00000000e1d00000|  0%| F|  |TAMS 0x00000000e1c00000, 0x00000000e1c00000| Untracked 
|  29|0x00000000e1d00000, 0x00000000e1d00000, 0x00000000e1e00000|  0%| F|  |TAMS 0x00000000e1d00000, 0x00000000e1d00000| Untracked 
|  30|0x00000000e1e00000, 0x00000000e1e00000, 0x00000000e1f00000|  0%| F|  |TAMS 0x00000000e1e00000, 0x00000000e1e00000| Untracked 
|  31|0x00000000e1f00000, 0x00000000e1f00000, 0x00000000e2000000|  0%| F|  |TAMS 0x00000000e1f00000, 0x00000000e1f00000| Untracked 
|  32|0x00000000e2000000, 0x00000000e2000000, 0x00000000e2100000|  0%| F|  |TAMS 0x00000000e2000000, 0x00000000e2000000| Untracked 
|  33|0x00000000e2100000, 0x00000000e2100000, 0x00000000e2200000|  0%| F|  |TAMS 0x00000000e2100000, 0x00000000e2100000| Untracked 
|  34|0x00000000e2200000, 0x00000000e2200000, 0x00000000e2300000|  0%| F|  |TAMS 0x00000000e2200000, 0x00000000e2200000| Untracked 
|  35|0x00000000e2300000, 0x00000000e2300000, 0x00000000e2400000|  0%| F|  |TAMS 0x00000000e2300000, 0x00000000e2300000| Untracked 
|  36|0x00000000e2400000, 0x00000000e2400000, 0x00000000e2500000|  0%| F|  |TAMS 0x00000000e2400000, 0x00000000e2400000| Untracked 
|  37|0x00000000e2500000, 0x00000000e2500000, 0x00000000e2600000|  0%| F|  |TAMS 0x00000000e2500000, 0x00000000e2500000| Untracked 
|  38|0x00000000e2600000, 0x00000000e2600000, 0x00000000e2700000|  0%| F|  |TAMS 0x00000000e2600000, 0x00000000e2600000| Untracked 
|  39|0x00000000e2700000, 0x00000000e2700000, 0x00000000e2800000|  0%| F|  |TAMS 0x00000000e2700000, 0x00000000e2700000| Untracked 
|  40|0x00000000e2800000, 0x00000000e2800000, 0x00000000e2900000|  0%| F|  |TAMS 0x00000000e2800000, 0x00000000e2800000| Untracked 
|  41|0x00000000e2900000, 0x00000000e2900000, 0x00000000e2a00000|  0%| F|  |TAMS 0x00000000e2900000, 0x00000000e2900000| Untracked 
|  42|0x00000000e2a00000, 0x00000000e2a00000, 0x00000000e2b00000|  0%| F|  |TAMS 0x00000000e2a00000, 0x00000000e2a00000| Untracked 
|  43|0x00000000e2b00000, 0x00000000e2b00000, 0x00000000e2c00000|  0%| F|  |TAMS 0x00000000e2b00000, 0x00000000e2b00000| Untracked 
|  44|0x00000000e2c00000, 0x00000000e2c00000, 0x00000000e2d00000|  0%| F|  |TAMS 0x00000000e2c00000, 0x00000000e2c00000| Untracked 
|  45|0x00000000e2d00000, 0x00000000e2d00000, 0x00000000e2e00000|  0%| F|  |TAMS 0x00000000e2d00000, 0x00000000e2d00000| Untracked 
|  46|0x00000000e2e00000, 0x00000000e2e00000, 0x00000000e2f00000|  0%| F|  |TAMS 0x00000000e2e00000, 0x00000000e2e00000| Untracked 
|  47|0x00000000e2f00000, 0x00000000e2f00000, 0x00000000e3000000|  0%| F|  |TAMS 0x00000000e2f00000, 0x00000000e2f00000| Untracked 
|  48|0x00000000e3000000, 0x00000000e3000000, 0x00000000e3100000|  0%| F|  |TAMS 0x00000000e3000000, 0x00000000e3000000| Untracked 
|  49|0x00000000e3100000, 0x00000000e3100000, 0x00000000e3200000|  0%| F|  |TAMS 0x00000000e3100000, 0x00000000e3100000| Untracked 
|  50|0x00000000e3200000, 0x00000000e3200000, 0x00000000e3300000|  0%| F|  |TAMS 0x00000000e3200000, 0x00000000e3200000| Untracked 
|  51|0x00000000e3300000, 0x00000000e3300000, 0x00000000e3400000|  0%| F|  |TAMS 0x00000000e3300000, 0x00000000e3300000| Untracked 
|  52|0x00000000e3400000, 0x00000000e3400000, 0x00000000e3500000|  0%| F|  |TAMS 0x00000000e3400000, 0x00000000e3400000| Untracked 
|  53|0x00000000e3500000, 0x00000000e3500000, 0x00000000e3600000|  0%| F|  |TAMS 0x00000000e3500000, 0x00000000e3500000| Untracked 
|  54|0x00000000e3600000, 0x00000000e3600000, 0x00000000e3700000|  0%| F|  |TAMS 0x00000000e3600000, 0x00000000e3600000| Untracked 
|  55|0x00000000e3700000, 0x00000000e3700000, 0x00000000e3800000|  0%| F|  |TAMS 0x00000000e3700000, 0x00000000e3700000| Untracked 
|  56|0x00000000e3800000, 0x00000000e3800000, 0x00000000e3900000|  0%| F|  |TAMS 0x00000000e3800000, 0x00000000e3800000| Untracked 
|  57|0x00000000e3900000, 0x00000000e3900000, 0x00000000e3a00000|  0%| F|  |TAMS 0x00000000e3900000, 0x00000000e3900000| Untracked 
|  58|0x00000000e3a00000, 0x00000000e3a00000, 0x00000000e3b00000|  0%| F|  |TAMS 0x00000000e3a00000, 0x00000000e3a00000| Untracked 
|  59|0x00000000e3b00000, 0x00000000e3b00000, 0x00000000e3c00000|  0%| F|  |TAMS 0x00000000e3b00000, 0x00000000e3b00000| Untracked 
|  60|0x00000000e3c00000, 0x00000000e3c00000, 0x00000000e3d00000|  0%| F|  |TAMS 0x00000000e3c00000, 0x00000000e3c00000| Untracked 
|  61|0x00000000e3d00000, 0x00000000e3d00000, 0x00000000e3e00000|  0%| F|  |TAMS 0x00000000e3d00000, 0x00000000e3d00000| Untracked 
|  62|0x00000000e3e00000, 0x00000000e3e00000, 0x00000000e3f00000|  0%| F|  |TAMS 0x00000000e3e00000, 0x00000000e3e00000| Untracked 
|  63|0x00000000e3f00000, 0x00000000e3f00000, 0x00000000e4000000|  0%| F|  |TAMS 0x00000000e3f00000, 0x00000000e3f00000| Untracked 
|  64|0x00000000e4000000, 0x00000000e4000000, 0x00000000e4100000|  0%| F|  |TAMS 0x00000000e4000000, 0x00000000e4000000| Untracked 
|  65|0x00000000e4100000, 0x00000000e4100000, 0x00000000e4200000|  0%| F|  |TAMS 0x00000000e4100000, 0x00000000e4100000| Untracked 
|  66|0x00000000e4200000, 0x00000000e4200000, 0x00000000e4300000|  0%| F|  |TAMS 0x00000000e4200000, 0x00000000e4200000| Untracked 
|  67|0x00000000e4300000, 0x00000000e4300000, 0x00000000e4400000|  0%| F|  |TAMS 0x00000000e4300000, 0x00000000e4300000| Untracked 
|  68|0x00000000e4400000, 0x00000000e4400000, 0x00000000e4500000|  0%| F|  |TAMS 0x00000000e4400000, 0x00000000e4400000| Untracked 
|  69|0x00000000e4500000, 0x00000000e4500000, 0x00000000e4600000|  0%| F|  |TAMS 0x00000000e4500000, 0x00000000e4500000| Untracked 
|  70|0x00000000e4600000, 0x00000000e4600000, 0x00000000e4700000|  0%| F|  |TAMS 0x00000000e4600000, 0x00000000e4600000| Untracked 
|  71|0x00000000e4700000, 0x00000000e4700000, 0x00000000e4800000|  0%| F|  |TAMS 0x00000000e4700000, 0x00000000e4700000| Untracked 
|  72|0x00000000e4800000, 0x00000000e4800000, 0x00000000e4900000|  0%| F|  |TAMS 0x00000000e4800000, 0x00000000e4800000| Untracked 
|  73|0x00000000e4900000, 0x00000000e4900000, 0x00000000e4a00000|  0%| F|  |TAMS 0x00000000e4900000, 0x00000000e4900000| Untracked 
|  74|0x00000000e4a00000, 0x00000000e4a00000, 0x00000000e4b00000|  0%| F|  |TAMS 0x00000000e4a00000, 0x00000000e4a00000| Untracked 
|  75|0x00000000e4b00000, 0x00000000e4b00000, 0x00000000e4c00000|  0%| F|  |TAMS 0x00000000e4b00000, 0x00000000e4b00000| Untracked 
|  76|0x00000000e4c00000, 0x00000000e4c00000, 0x00000000e4d00000|  0%| F|  |TAMS 0x00000000e4c00000, 0x00000000e4c00000| Untracked 
|  77|0x00000000e4d00000, 0x00000000e4d00000, 0x00000000e4e00000|  0%| F|  |TAMS 0x00000000e4d00000, 0x00000000e4d00000| Untracked 
|  78|0x00000000e4e00000, 0x00000000e4e00000, 0x00000000e4f00000|  0%| F|  |TAMS 0x00000000e4e00000, 0x00000000e4e00000| Untracked 
|  79|0x00000000e4f00000, 0x00000000e4f00000, 0x00000000e5000000|  0%| F|  |TAMS 0x00000000e4f00000, 0x00000000e4f00000| Untracked 
|  80|0x00000000e5000000, 0x00000000e5000000, 0x00000000e5100000|  0%| F|  |TAMS 0x00000000e5000000, 0x00000000e5000000| Untracked 
|  81|0x00000000e5100000, 0x00000000e5100000, 0x00000000e5200000|  0%| F|  |TAMS 0x00000000e5100000, 0x00000000e5100000| Untracked 
|  82|0x00000000e5200000, 0x00000000e5200000, 0x00000000e5300000|  0%| F|  |TAMS 0x00000000e5200000, 0x00000000e5200000| Untracked 
|  83|0x00000000e5300000, 0x00000000e5300000, 0x00000000e5400000|  0%| F|  |TAMS 0x00000000e5300000, 0x00000000e5300000| Untracked 
|  84|0x00000000e5400000, 0x00000000e5400000, 0x00000000e5500000|  0%| F|  |TAMS 0x00000000e5400000, 0x00000000e5400000| Untracked 
|  85|0x00000000e5500000, 0x00000000e5500000, 0x00000000e5600000|  0%| F|  |TAMS 0x00000000e5500000, 0x00000000e5500000| Untracked 
|  86|0x00000000e5600000, 0x00000000e5600000, 0x00000000e5700000|  0%| F|  |TAMS 0x00000000e5600000, 0x00000000e5600000| Untracked 
|  87|0x00000000e5700000, 0x00000000e5700000, 0x00000000e5800000|  0%| F|  |TAMS 0x00000000e5700000, 0x00000000e5700000| Untracked 
|  88|0x00000000e5800000, 0x00000000e5800000, 0x00000000e5900000|  0%| F|  |TAMS 0x00000000e5800000, 0x00000000e5800000| Untracked 
|  89|0x00000000e5900000, 0x00000000e5900000, 0x00000000e5a00000|  0%| F|  |TAMS 0x00000000e5900000, 0x00000000e5900000| Untracked 
|  90|0x00000000e5a00000, 0x00000000e5a00000, 0x00000000e5b00000|  0%| F|  |TAMS 0x00000000e5a00000, 0x00000000e5a00000| Untracked 
|  91|0x00000000e5b00000, 0x00000000e5b00000, 0x00000000e5c00000|  0%| F|  |TAMS 0x00000000e5b00000, 0x00000000e5b00000| Untracked 
|  92|0x00000000e5c00000, 0x00000000e5c00000, 0x00000000e5d00000|  0%| F|  |TAMS 0x00000000e5c00000, 0x00000000e5c00000| Untracked 
|  93|0x00000000e5d00000, 0x00000000e5d00000, 0x00000000e5e00000|  0%| F|  |TAMS 0x00000000e5d00000, 0x00000000e5d00000| Untracked 
|  94|0x00000000e5e00000, 0x00000000e5e00000, 0x00000000e5f00000|  0%| F|  |TAMS 0x00000000e5e00000, 0x00000000e5e00000| Untracked 
|  95|0x00000000e5f00000, 0x00000000e5f00000, 0x00000000e6000000|  0%| F|  |TAMS 0x00000000e5f00000, 0x00000000e5f00000| Untracked 
|  96|0x00000000e6000000, 0x00000000e6000000, 0x00000000e6100000|  0%| F|  |TAMS 0x00000000e6000000, 0x00000000e6000000| Untracked 
|  97|0x00000000e6100000, 0x00000000e6100000, 0x00000000e6200000|  0%| F|  |TAMS 0x00000000e6100000, 0x00000000e6100000| Untracked 
|  98|0x00000000e6200000, 0x00000000e6200000, 0x00000000e6300000|  0%| F|  |TAMS 0x00000000e6200000, 0x00000000e6200000| Untracked 
|  99|0x00000000e6300000, 0x00000000e6300000, 0x00000000e6400000|  0%| F|  |TAMS 0x00000000e6300000, 0x00000000e6300000| Untracked 
| 100|0x00000000e6400000, 0x00000000e6400000, 0x00000000e6500000|  0%| F|  |TAMS 0x00000000e6400000, 0x00000000e6400000| Untracked 
| 101|0x00000000e6500000, 0x00000000e6500000, 0x00000000e6600000|  0%| F|  |TAMS 0x00000000e6500000, 0x00000000e6500000| Untracked 
| 102|0x00000000e6600000, 0x00000000e6600000, 0x00000000e6700000|  0%| F|  |TAMS 0x00000000e6600000, 0x00000000e6600000| Untracked 
| 103|0x00000000e6700000, 0x00000000e6700000, 0x00000000e6800000|  0%| F|  |TAMS 0x00000000e6700000, 0x00000000e6700000| Untracked 
| 104|0x00000000e6800000, 0x00000000e6800000, 0x00000000e6900000|  0%| F|  |TAMS 0x00000000e6800000, 0x00000000e6800000| Untracked 
| 105|0x00000000e6900000, 0x00000000e6900000, 0x00000000e6a00000|  0%| F|  |TAMS 0x00000000e6900000, 0x00000000e6900000| Untracked 
| 106|0x00000000e6a00000, 0x00000000e6a00000, 0x00000000e6b00000|  0%| F|  |TAMS 0x00000000e6a00000, 0x00000000e6a00000| Untracked 
| 107|0x00000000e6b00000, 0x00000000e6b00000, 0x00000000e6c00000|  0%| F|  |TAMS 0x00000000e6b00000, 0x00000000e6b00000| Untracked 
| 108|0x00000000e6c00000, 0x00000000e6c00000, 0x00000000e6d00000|  0%| F|  |TAMS 0x00000000e6c00000, 0x00000000e6c00000| Untracked 
| 109|0x00000000e6d00000, 0x00000000e6d00000, 0x00000000e6e00000|  0%| F|  |TAMS 0x00000000e6d00000, 0x00000000e6d00000| Untracked 
| 110|0x00000000e6e00000, 0x00000000e6e00000, 0x00000000e6f00000|  0%| F|  |TAMS 0x00000000e6e00000, 0x00000000e6e00000| Untracked 
| 111|0x00000000e6f00000, 0x00000000e6f00000, 0x00000000e7000000|  0%| F|  |TAMS 0x00000000e6f00000, 0x00000000e6f00000| Untracked 
| 112|0x00000000e7000000, 0x00000000e7000000, 0x00000000e7100000|  0%| F|  |TAMS 0x00000000e7000000, 0x00000000e7000000| Untracked 
| 113|0x00000000e7100000, 0x00000000e7100000, 0x00000000e7200000|  0%| F|  |TAMS 0x00000000e7100000, 0x00000000e7100000| Untracked 
| 114|0x00000000e7200000, 0x00000000e7200000, 0x00000000e7300000|  0%| F|  |TAMS 0x00000000e7200000, 0x00000000e7200000| Untracked 
| 115|0x00000000e7300000, 0x00000000e7300000, 0x00000000e7400000|  0%| F|  |TAMS 0x00000000e7300000, 0x00000000e7300000| Untracked 
| 116|0x00000000e7400000, 0x00000000e7400000, 0x00000000e7500000|  0%| F|  |TAMS 0x00000000e7400000, 0x00000000e7400000| Untracked 
| 117|0x00000000e7500000, 0x00000000e7500000, 0x00000000e7600000|  0%| F|  |TAMS 0x00000000e7500000, 0x00000000e7500000| Untracked 
| 118|0x00000000e7600000, 0x00000000e7600000, 0x00000000e7700000|  0%| F|  |TAMS 0x00000000e7600000, 0x00000000e7600000| Untracked 
| 119|0x00000000e7700000, 0x00000000e7700000, 0x00000000e7800000|  0%| F|  |TAMS 0x00000000e7700000, 0x00000000e7700000| Untracked 
| 120|0x00000000e7800000, 0x00000000e7800000, 0x00000000e7900000|  0%| F|  |TAMS 0x00000000e7800000, 0x00000000e7800000| Untracked 
| 121|0x00000000e7900000, 0x00000000e7900000, 0x00000000e7a00000|  0%| F|  |TAMS 0x00000000e7900000, 0x00000000e7900000| Untracked 
| 122|0x00000000e7a00000, 0x00000000e7a00000, 0x00000000e7b00000|  0%| F|  |TAMS 0x00000000e7a00000, 0x00000000e7a00000| Untracked 
| 123|0x00000000e7b00000, 0x00000000e7b00000, 0x00000000e7c00000|  0%| F|  |TAMS 0x00000000e7b00000, 0x00000000e7b00000| Untracked 
| 124|0x00000000e7c00000, 0x00000000e7c00000, 0x00000000e7d00000|  0%| F|  |TAMS 0x00000000e7c00000, 0x00000000e7c00000| Untracked 
| 125|0x00000000e7d00000, 0x00000000e7d00000, 0x00000000e7e00000|  0%| F|  |TAMS 0x00000000e7d00000, 0x00000000e7d00000| Untracked 
| 126|0x00000000e7e00000, 0x00000000e7e00000, 0x00000000e7f00000|  0%| F|  |TAMS 0x00000000e7e00000, 0x00000000e7e00000| Untracked 
| 127|0x00000000e7f00000, 0x00000000e7f00000, 0x00000000e8000000|  0%| F|  |TAMS 0x00000000e7f00000, 0x00000000e7f00000| Untracked 
| 128|0x00000000e8000000, 0x00000000e8000000, 0x00000000e8100000|  0%| F|  |TAMS 0x00000000e8000000, 0x00000000e8000000| Untracked 
| 129|0x00000000e8100000, 0x00000000e8100000, 0x00000000e8200000|  0%| F|  |TAMS 0x00000000e8100000, 0x00000000e8100000| Untracked 
| 130|0x00000000e8200000, 0x00000000e8200000, 0x00000000e8300000|  0%| F|  |TAMS 0x00000000e8200000, 0x00000000e8200000| Untracked 
| 131|0x00000000e8300000, 0x00000000e8300000, 0x00000000e8400000|  0%| F|  |TAMS 0x00000000e8300000, 0x00000000e8300000| Untracked 
| 132|0x00000000e8400000, 0x00000000e8400000, 0x00000000e8500000|  0%| F|  |TAMS 0x00000000e8400000, 0x00000000e8400000| Untracked 
| 133|0x00000000e8500000, 0x00000000e8500000, 0x00000000e8600000|  0%| F|  |TAMS 0x00000000e8500000, 0x00000000e8500000| Untracked 
| 134|0x00000000e8600000, 0x00000000e8600000, 0x00000000e8700000|  0%| F|  |TAMS 0x00000000e8600000, 0x00000000e8600000| Untracked 
| 135|0x00000000e8700000, 0x00000000e8700000, 0x00000000e8800000|  0%| F|  |TAMS 0x00000000e8700000, 0x00000000e8700000| Untracked 
| 136|0x00000000e8800000, 0x00000000e8800000, 0x00000000e8900000|  0%| F|  |TAMS 0x00000000e8800000, 0x00000000e8800000| Untracked 
| 137|0x00000000e8900000, 0x00000000e8900000, 0x00000000e8a00000|  0%| F|  |TAMS 0x00000000e8900000, 0x00000000e8900000| Untracked 
| 138|0x00000000e8a00000, 0x00000000e8a00000, 0x00000000e8b00000|  0%| F|  |TAMS 0x00000000e8a00000, 0x00000000e8a00000| Untracked 
| 139|0x00000000e8b00000, 0x00000000e8b00000, 0x00000000e8c00000|  0%| F|  |TAMS 0x00000000e8b00000, 0x00000000e8b00000| Untracked 
| 140|0x00000000e8c00000, 0x00000000e8c00000, 0x00000000e8d00000|  0%| F|  |TAMS 0x00000000e8c00000, 0x00000000e8c00000| Untracked 
| 141|0x00000000e8d00000, 0x00000000e8d00000, 0x00000000e8e00000|  0%| F|  |TAMS 0x00000000e8d00000, 0x00000000e8d00000| Untracked 
| 142|0x00000000e8e00000, 0x00000000e8e00000, 0x00000000e8f00000|  0%| F|  |TAMS 0x00000000e8e00000, 0x00000000e8e00000| Untracked 
| 143|0x00000000e8f00000, 0x00000000e8f00000, 0x00000000e9000000|  0%| F|  |TAMS 0x00000000e8f00000, 0x00000000e8f00000| Untracked 
| 144|0x00000000e9000000, 0x00000000e9000000, 0x00000000e9100000|  0%| F|  |TAMS 0x00000000e9000000, 0x00000000e9000000| Untracked 
| 145|0x00000000e9100000, 0x00000000e9100000, 0x00000000e9200000|  0%| F|  |TAMS 0x00000000e9100000, 0x00000000e9100000| Untracked 
| 146|0x00000000e9200000, 0x00000000e9200000, 0x00000000e9300000|  0%| F|  |TAMS 0x00000000e9200000, 0x00000000e9200000| Untracked 
| 147|0x00000000e9300000, 0x00000000e9300000, 0x00000000e9400000|  0%| F|  |TAMS 0x00000000e9300000, 0x00000000e9300000| Untracked 
| 148|0x00000000e9400000, 0x00000000e9400000, 0x00000000e9500000|  0%| F|  |TAMS 0x00000000e9400000, 0x00000000e9400000| Untracked 
| 149|0x00000000e9500000, 0x00000000e9500000, 0x00000000e9600000|  0%| F|  |TAMS 0x00000000e9500000, 0x00000000e9500000| Untracked 
| 150|0x00000000e9600000, 0x00000000e9600000, 0x00000000e9700000|  0%| F|  |TAMS 0x00000000e9600000, 0x00000000e9600000| Untracked 
| 151|0x00000000e9700000, 0x00000000e9800000, 0x00000000e9800000|100%| E|  |TAMS 0x00000000e9700000, 0x00000000e9700000| Complete 
| 152|0x00000000e9800000, 0x00000000e9900000, 0x00000000e9900000|100%| E|CS|TAMS 0x00000000e9800000, 0x00000000e9800000| Complete 
| 153|0x00000000e9900000, 0x00000000e9a00000, 0x00000000e9a00000|100%| E|CS|TAMS 0x00000000e9900000, 0x00000000e9900000| Complete 
| 154|0x00000000e9a00000, 0x00000000e9b00000, 0x00000000e9b00000|100%| E|CS|TAMS 0x00000000e9a00000, 0x00000000e9a00000| Complete 
| 155|0x00000000e9b00000, 0x00000000e9c00000, 0x00000000e9c00000|100%| E|CS|TAMS 0x00000000e9b00000, 0x00000000e9b00000| Complete 
| 156|0x00000000e9c00000, 0x00000000e9d00000, 0x00000000e9d00000|100%| E|CS|TAMS 0x00000000e9c00000, 0x00000000e9c00000| Complete 
| 157|0x00000000e9d00000, 0x00000000e9e00000, 0x00000000e9e00000|100%| E|CS|TAMS 0x00000000e9d00000, 0x00000000e9d00000| Complete 
| 158|0x00000000e9e00000, 0x00000000e9f00000, 0x00000000e9f00000|100%| E|CS|TAMS 0x00000000e9e00000, 0x00000000e9e00000| Complete 
| 159|0x00000000e9f00000, 0x00000000ea000000, 0x00000000ea000000|100%| E|CS|TAMS 0x00000000e9f00000, 0x00000000e9f00000| Complete 
| 160|0x00000000ea000000, 0x00000000ea100000, 0x00000000ea100000|100%| E|CS|TAMS 0x00000000ea000000, 0x00000000ea000000| Complete 
| 161|0x00000000ea100000, 0x00000000ea200000, 0x00000000ea200000|100%| E|CS|TAMS 0x00000000ea100000, 0x00000000ea100000| Complete 
| 162|0x00000000ea200000, 0x00000000ea300000, 0x00000000ea300000|100%| E|CS|TAMS 0x00000000ea200000, 0x00000000ea200000| Complete 
| 163|0x00000000ea300000, 0x00000000ea400000, 0x00000000ea400000|100%| E|CS|TAMS 0x00000000ea300000, 0x00000000ea300000| Complete 
| 164|0x00000000ea400000, 0x00000000ea500000, 0x00000000ea500000|100%| E|CS|TAMS 0x00000000ea400000, 0x00000000ea400000| Complete 
| 165|0x00000000ea500000, 0x00000000ea600000, 0x00000000ea600000|100%| E|CS|TAMS 0x00000000ea500000, 0x00000000ea500000| Complete 
| 166|0x00000000ea600000, 0x00000000ea700000, 0x00000000ea700000|100%| E|CS|TAMS 0x00000000ea600000, 0x00000000ea600000| Complete 
| 167|0x00000000ea700000, 0x00000000ea800000, 0x00000000ea800000|100%| E|CS|TAMS 0x00000000ea700000, 0x00000000ea700000| Complete 
| 168|0x00000000ea800000, 0x00000000ea900000, 0x00000000ea900000|100%| E|CS|TAMS 0x00000000ea800000, 0x00000000ea800000| Complete 
| 169|0x00000000ea900000, 0x00000000eaa00000, 0x00000000eaa00000|100%| E|CS|TAMS 0x00000000ea900000, 0x00000000ea900000| Complete 
| 170|0x00000000eaa00000, 0x00000000eab00000, 0x00000000eab00000|100%| E|CS|TAMS 0x00000000eaa00000, 0x00000000eaa00000| Complete 
| 171|0x00000000eab00000, 0x00000000eac00000, 0x00000000eac00000|100%| E|CS|TAMS 0x00000000eab00000, 0x00000000eab00000| Complete 
| 172|0x00000000eac00000, 0x00000000ead00000, 0x00000000ead00000|100%| E|CS|TAMS 0x00000000eac00000, 0x00000000eac00000| Complete 
| 173|0x00000000ead00000, 0x00000000eae00000, 0x00000000eae00000|100%| E|CS|TAMS 0x00000000ead00000, 0x00000000ead00000| Complete 
| 174|0x00000000eae00000, 0x00000000eaf00000, 0x00000000eaf00000|100%| E|CS|TAMS 0x00000000eae00000, 0x00000000eae00000| Complete 
| 175|0x00000000eaf00000, 0x00000000eb000000, 0x00000000eb000000|100%| E|CS|TAMS 0x00000000eaf00000, 0x00000000eaf00000| Complete 
| 176|0x00000000eb000000, 0x00000000eb100000, 0x00000000eb100000|100%| E|CS|TAMS 0x00000000eb000000, 0x00000000eb000000| Complete 
| 177|0x00000000eb100000, 0x00000000eb200000, 0x00000000eb200000|100%| E|CS|TAMS 0x00000000eb100000, 0x00000000eb100000| Complete 
| 178|0x00000000eb200000, 0x00000000eb300000, 0x00000000eb300000|100%| E|CS|TAMS 0x00000000eb200000, 0x00000000eb200000| Complete 
| 179|0x00000000eb300000, 0x00000000eb400000, 0x00000000eb400000|100%| E|CS|TAMS 0x00000000eb300000, 0x00000000eb300000| Complete 
| 180|0x00000000eb400000, 0x00000000eb500000, 0x00000000eb500000|100%| E|CS|TAMS 0x00000000eb400000, 0x00000000eb400000| Complete 
| 181|0x00000000eb500000, 0x00000000eb600000, 0x00000000eb600000|100%| E|CS|TAMS 0x00000000eb500000, 0x00000000eb500000| Complete 
| 182|0x00000000eb600000, 0x00000000eb700000, 0x00000000eb700000|100%| E|CS|TAMS 0x00000000eb600000, 0x00000000eb600000| Complete 
| 183|0x00000000eb700000, 0x00000000eb800000, 0x00000000eb800000|100%| E|CS|TAMS 0x00000000eb700000, 0x00000000eb700000| Complete 
| 184|0x00000000eb800000, 0x00000000eb900000, 0x00000000eb900000|100%| E|CS|TAMS 0x00000000eb800000, 0x00000000eb800000| Complete 
| 185|0x00000000eb900000, 0x00000000eba00000, 0x00000000eba00000|100%| E|CS|TAMS 0x00000000eb900000, 0x00000000eb900000| Complete 
| 186|0x00000000eba00000, 0x00000000ebb00000, 0x00000000ebb00000|100%| E|CS|TAMS 0x00000000eba00000, 0x00000000eba00000| Complete 
| 187|0x00000000ebb00000, 0x00000000ebc00000, 0x00000000ebc00000|100%| E|CS|TAMS 0x00000000ebb00000, 0x00000000ebb00000| Complete 
| 188|0x00000000ebc00000, 0x00000000ebd00000, 0x00000000ebd00000|100%| E|CS|TAMS 0x00000000ebc00000, 0x00000000ebc00000| Complete 
| 189|0x00000000ebd00000, 0x00000000ebe00000, 0x00000000ebe00000|100%| E|CS|TAMS 0x00000000ebd00000, 0x00000000ebd00000| Complete 
| 190|0x00000000ebe00000, 0x00000000ebf00000, 0x00000000ebf00000|100%| E|CS|TAMS 0x00000000ebe00000, 0x00000000ebe00000| Complete 
| 191|0x00000000ebf00000, 0x00000000ec000000, 0x00000000ec000000|100%| E|CS|TAMS 0x00000000ebf00000, 0x00000000ebf00000| Complete 
| 192|0x00000000ec000000, 0x00000000ec100000, 0x00000000ec100000|100%| E|CS|TAMS 0x00000000ec000000, 0x00000000ec000000| Complete 
| 193|0x00000000ec100000, 0x00000000ec200000, 0x00000000ec200000|100%| E|CS|TAMS 0x00000000ec100000, 0x00000000ec100000| Complete 
| 194|0x00000000ec200000, 0x00000000ec300000, 0x00000000ec300000|100%| E|CS|TAMS 0x00000000ec200000, 0x00000000ec200000| Complete 
| 195|0x00000000ec300000, 0x00000000ec400000, 0x00000000ec400000|100%| E|CS|TAMS 0x00000000ec300000, 0x00000000ec300000| Complete 
| 196|0x00000000ec400000, 0x00000000ec500000, 0x00000000ec500000|100%| E|CS|TAMS 0x00000000ec400000, 0x00000000ec400000| Complete 
| 197|0x00000000ec500000, 0x00000000ec600000, 0x00000000ec600000|100%| E|CS|TAMS 0x00000000ec500000, 0x00000000ec500000| Complete 
| 198|0x00000000ec600000, 0x00000000ec700000, 0x00000000ec700000|100%| E|CS|TAMS 0x00000000ec600000, 0x00000000ec600000| Complete 
| 199|0x00000000ec700000, 0x00000000ec800000, 0x00000000ec800000|100%| E|CS|TAMS 0x00000000ec700000, 0x00000000ec700000| Complete 
| 200|0x00000000ec800000, 0x00000000ec900000, 0x00000000ec900000|100%| E|CS|TAMS 0x00000000ec800000, 0x00000000ec800000| Complete 
| 201|0x00000000ec900000, 0x00000000eca00000, 0x00000000eca00000|100%| E|CS|TAMS 0x00000000ec900000, 0x00000000ec900000| Complete 
| 202|0x00000000eca00000, 0x00000000ecb00000, 0x00000000ecb00000|100%| E|CS|TAMS 0x00000000eca00000, 0x00000000eca00000| Complete 
| 203|0x00000000ecb00000, 0x00000000ecc00000, 0x00000000ecc00000|100%| E|CS|TAMS 0x00000000ecb00000, 0x00000000ecb00000| Complete 
| 204|0x00000000ecc00000, 0x00000000ecd00000, 0x00000000ecd00000|100%| E|CS|TAMS 0x00000000ecc00000, 0x00000000ecc00000| Complete 
| 205|0x00000000ecd00000, 0x00000000ece00000, 0x00000000ece00000|100%| E|CS|TAMS 0x00000000ecd00000, 0x00000000ecd00000| Complete 
| 206|0x00000000ece00000, 0x00000000ecf00000, 0x00000000ecf00000|100%| E|CS|TAMS 0x00000000ece00000, 0x00000000ece00000| Complete 
| 207|0x00000000ecf00000, 0x00000000ed000000, 0x00000000ed000000|100%| E|CS|TAMS 0x00000000ecf00000, 0x00000000ecf00000| Complete 
| 208|0x00000000ed000000, 0x00000000ed100000, 0x00000000ed100000|100%| E|CS|TAMS 0x00000000ed000000, 0x00000000ed000000| Complete 
| 209|0x00000000ed100000, 0x00000000ed200000, 0x00000000ed200000|100%| E|CS|TAMS 0x00000000ed100000, 0x00000000ed100000| Complete 
| 210|0x00000000ed200000, 0x00000000ed300000, 0x00000000ed300000|100%| E|CS|TAMS 0x00000000ed200000, 0x00000000ed200000| Complete 
| 211|0x00000000ed300000, 0x00000000ed400000, 0x00000000ed400000|100%| E|  |TAMS 0x00000000ed300000, 0x00000000ed300000| Complete 
| 212|0x00000000ed400000, 0x00000000ed500000, 0x00000000ed500000|100%| E|CS|TAMS 0x00000000ed400000, 0x00000000ed400000| Complete 
| 213|0x00000000ed500000, 0x00000000ed600000, 0x00000000ed600000|100%| E|CS|TAMS 0x00000000ed500000, 0x00000000ed500000| Complete 
| 214|0x00000000ed600000, 0x00000000ed700000, 0x00000000ed700000|100%| E|CS|TAMS 0x00000000ed600000, 0x00000000ed600000| Complete 
| 215|0x00000000ed700000, 0x00000000ed800000, 0x00000000ed800000|100%| E|CS|TAMS 0x00000000ed700000, 0x00000000ed700000| Complete 
| 216|0x00000000ed800000, 0x00000000ed900000, 0x00000000ed900000|100%| E|CS|TAMS 0x00000000ed800000, 0x00000000ed800000| Complete 
| 217|0x00000000ed900000, 0x00000000eda00000, 0x00000000eda00000|100%| E|CS|TAMS 0x00000000ed900000, 0x00000000ed900000| Complete 
| 218|0x00000000eda00000, 0x00000000edb00000, 0x00000000edb00000|100%| E|CS|TAMS 0x00000000eda00000, 0x00000000eda00000| Complete 
| 219|0x00000000edb00000, 0x00000000edc00000, 0x00000000edc00000|100%| E|CS|TAMS 0x00000000edb00000, 0x00000000edb00000| Complete 
| 220|0x00000000edc00000, 0x00000000edd00000, 0x00000000edd00000|100%| E|CS|TAMS 0x00000000edc00000, 0x00000000edc00000| Complete 
| 221|0x00000000edd00000, 0x00000000ede00000, 0x00000000ede00000|100%| E|CS|TAMS 0x00000000edd00000, 0x00000000edd00000| Complete 
| 222|0x00000000ede00000, 0x00000000edf00000, 0x00000000edf00000|100%| E|CS|TAMS 0x00000000ede00000, 0x00000000ede00000| Complete 
| 223|0x00000000edf00000, 0x00000000ee000000, 0x00000000ee000000|100%| E|CS|TAMS 0x00000000edf00000, 0x00000000edf00000| Complete 
| 224|0x00000000ee000000, 0x00000000ee100000, 0x00000000ee100000|100%| E|CS|TAMS 0x00000000ee000000, 0x00000000ee000000| Complete 
| 225|0x00000000ee100000, 0x00000000ee200000, 0x00000000ee200000|100%| E|CS|TAMS 0x00000000ee100000, 0x00000000ee100000| Complete 
| 226|0x00000000ee200000, 0x00000000ee300000, 0x00000000ee300000|100%| E|CS|TAMS 0x00000000ee200000, 0x00000000ee200000| Complete 
| 227|0x00000000ee300000, 0x00000000ee400000, 0x00000000ee400000|100%| E|CS|TAMS 0x00000000ee300000, 0x00000000ee300000| Complete 
| 228|0x00000000ee400000, 0x00000000ee500000, 0x00000000ee500000|100%| E|CS|TAMS 0x00000000ee400000, 0x00000000ee400000| Complete 
| 229|0x00000000ee500000, 0x00000000ee600000, 0x00000000ee600000|100%| E|CS|TAMS 0x00000000ee500000, 0x00000000ee500000| Complete 
| 230|0x00000000ee600000, 0x00000000ee700000, 0x00000000ee700000|100%| E|CS|TAMS 0x00000000ee600000, 0x00000000ee600000| Complete 
| 231|0x00000000ee700000, 0x00000000ee800000, 0x00000000ee800000|100%| E|CS|TAMS 0x00000000ee700000, 0x00000000ee700000| Complete 
| 232|0x00000000ee800000, 0x00000000ee900000, 0x00000000ee900000|100%| E|CS|TAMS 0x00000000ee800000, 0x00000000ee800000| Complete 
| 233|0x00000000ee900000, 0x00000000eea00000, 0x00000000eea00000|100%| E|CS|TAMS 0x00000000ee900000, 0x00000000ee900000| Complete 
| 234|0x00000000eea00000, 0x00000000eeb00000, 0x00000000eeb00000|100%| E|CS|TAMS 0x00000000eea00000, 0x00000000eea00000| Complete 
| 235|0x00000000eeb00000, 0x00000000eec00000, 0x00000000eec00000|100%| E|CS|TAMS 0x00000000eeb00000, 0x00000000eeb00000| Complete 
| 236|0x00000000eec00000, 0x00000000eed00000, 0x00000000eed00000|100%| E|CS|TAMS 0x00000000eec00000, 0x00000000eec00000| Complete 
| 237|0x00000000eed00000, 0x00000000eee00000, 0x00000000eee00000|100%| E|CS|TAMS 0x00000000eed00000, 0x00000000eed00000| Complete 
| 238|0x00000000eee00000, 0x00000000eef00000, 0x00000000eef00000|100%| E|CS|TAMS 0x00000000eee00000, 0x00000000eee00000| Complete 
| 239|0x00000000eef00000, 0x00000000ef000000, 0x00000000ef000000|100%| E|CS|TAMS 0x00000000eef00000, 0x00000000eef00000| Complete 
| 240|0x00000000ef000000, 0x00000000ef09a230, 0x00000000ef100000| 60%| S|CS|TAMS 0x00000000ef000000, 0x00000000ef000000| Complete 
| 241|0x00000000ef100000, 0x00000000ef200000, 0x00000000ef200000|100%| S|CS|TAMS 0x00000000ef100000, 0x00000000ef100000| Complete 
| 242|0x00000000ef200000, 0x00000000ef300000, 0x00000000ef300000|100%| S|CS|TAMS 0x00000000ef200000, 0x00000000ef200000| Complete 
| 243|0x00000000ef300000, 0x00000000ef400000, 0x00000000ef400000|100%| S|CS|TAMS 0x00000000ef300000, 0x00000000ef300000| Complete 
| 244|0x00000000ef400000, 0x00000000ef500000, 0x00000000ef500000|100%| S|CS|TAMS 0x00000000ef400000, 0x00000000ef400000| Complete 
| 245|0x00000000ef500000, 0x00000000ef600000, 0x00000000ef600000|100%| S|CS|TAMS 0x00000000ef500000, 0x00000000ef500000| Complete 
| 246|0x00000000ef600000, 0x00000000ef700000, 0x00000000ef700000|100%| S|CS|TAMS 0x00000000ef600000, 0x00000000ef600000| Complete 
| 247|0x00000000ef700000, 0x00000000ef800000, 0x00000000ef800000|100%| S|CS|TAMS 0x00000000ef700000, 0x00000000ef700000| Complete 
| 248|0x00000000ef800000, 0x00000000ef900000, 0x00000000ef900000|100%| S|CS|TAMS 0x00000000ef800000, 0x00000000ef800000| Complete 
| 249|0x00000000ef900000, 0x00000000efa00000, 0x00000000efa00000|100%| S|CS|TAMS 0x00000000ef900000, 0x00000000ef900000| Complete 
| 250|0x00000000efa00000, 0x00000000efb00000, 0x00000000efb00000|100%| S|CS|TAMS 0x00000000efa00000, 0x00000000efa00000| Complete 
| 251|0x00000000efb00000, 0x00000000efc00000, 0x00000000efc00000|100%| E|CS|TAMS 0x00000000efb00000, 0x00000000efb00000| Complete 
| 252|0x00000000efc00000, 0x00000000efd00000, 0x00000000efd00000|100%| E|CS|TAMS 0x00000000efc00000, 0x00000000efc00000| Complete 
| 253|0x00000000efd00000, 0x00000000efe00000, 0x00000000efe00000|100%| E|CS|TAMS 0x00000000efd00000, 0x00000000efd00000| Complete 
| 254|0x00000000efe00000, 0x00000000eff00000, 0x00000000eff00000|100%| E|CS|TAMS 0x00000000efe00000, 0x00000000efe00000| Complete 
| 255|0x00000000eff00000, 0x00000000f0000000, 0x00000000f0000000|100%| E|CS|TAMS 0x00000000eff00000, 0x00000000eff00000| Complete 

Card table byte_map: [0x00000261b04c0000,0x00000261b05c0000] _byte_map_base: 0x00000261afdc0000

Marking Bits (Prev, Next): (CMBitMap*) 0x0000026198b05840, (CMBitMap*) 0x0000026198b05808
 Prev Bits: [0x00000261b0ec0000, 0x00000261b16c0000)
 Next Bits: [0x00000261b06c0000, 0x00000261b0ec0000)

Polling page: 0x0000026196a90000

Metaspace:

Usage:
  Non-class:     54.67 MB capacity,    53.41 MB ( 98%) used,     1.06 MB (  2%) free+waste,   204.81 KB ( <1%) overhead. 
      Class:      8.78 MB capacity,     8.02 MB ( 91%) used,   687.48 KB (  8%) free+waste,    97.88 KB (  1%) overhead. 
       Both:     63.46 MB capacity,    61.43 MB ( 97%) used,     1.73 MB (  3%) free+waste,   302.69 KB ( <1%) overhead. 

Virtual space:
  Non-class space:       56.00 MB reserved,      54.87 MB ( 98%) committed 
      Class space:      248.00 MB reserved,       8.88 MB (  4%) committed 
             Both:      304.00 MB reserved,      63.75 MB ( 21%) committed 

Chunk freelists:
   Non-Class:  1.13 KB
       Class:  0 bytes
        Both:  1.13 KB

CodeHeap 'non-profiled nmethods': size=120000Kb used=3689Kb max_used=3874Kb free=116311Kb
 bounds [0x00000261a8940000, 0x00000261a8d20000, 0x00000261afe70000]
CodeHeap 'profiled nmethods': size=120000Kb used=14092Kb max_used=14291Kb free=105907Kb
 bounds [0x00000261a1410000, 0x00000261a2210000, 0x00000261a8940000]
CodeHeap 'non-nmethods': size=5760Kb used=2248Kb max_used=2302Kb free=3511Kb
 bounds [0x00000261a0e70000, 0x00000261a10e0000, 0x00000261a1410000]
 total_blobs=9802 nmethods=6500 adapters=738
 compilation: enabled
              stopped_count=0, restarted_count=0
 full_count=0

Compilation events (10 events):
Event: 34.316 Thread 0x00000261b4bc3000 nmethod 7289 0x00000261a198bb90 code [0x00000261a198bd60, 0x00000261a198bfd8]
Event: 34.316 Thread 0x00000261b4bc3000 7290   !   3       sun.nio.ch.SocketChannelImpl::beginWrite (59 bytes)
Event: 34.317 Thread 0x00000261b4bc3000 nmethod 7290 0x00000261a19bd810 code [0x00000261a19bda80, 0x00000261a19be3e0]
Event: 34.317 Thread 0x00000261b4bc3000 7291   !   3       sun.nio.ch.IOUtil::write (174 bytes)
Event: 34.317 Thread 0x00000261b4bc3000 nmethod 7291 0x00000261a19cb110 code [0x00000261a19cb380, 0x00000261a19cbc50]
Event: 34.317 Thread 0x00000261b4bc3000 7292       3       java.lang.StackTraceElement::equals (122 bytes)
Event: 34.318 Thread 0x00000261b4bc3000 nmethod 7292 0x00000261a19ef710 code [0x00000261a19ef9a0, 0x00000261a19f06c0]
Event: 34.321 Thread 0x00000261b4bc3000 7294       3       java.util.concurrent.ConcurrentLinkedQueue::tryCasSuccessor (38 bytes)
Event: 34.322 Thread 0x00000261b4bc3000 nmethod 7294 0x00000261a1b18790 code [0x00000261a1b18b20, 0x00000261a1b1a0c0]
Event: 34.322 Thread 0x00000261b4bc3000 7295       3       java.io.WinNTFileSystem::parentOrNull (171 bytes)

GC Heap History (10 events):
Event: 7.525 GC heap before
{Heap before GC invocations=3 (full 0):
 garbage-first heap   total 262144K, used 61175K [0x00000000e0000000, 0x0000000100000000)
  region size 1024K, 55 young (56320K), 11 survivors (11264K)
 Metaspace       used 25492K, capacity 26113K, committed 26288K, reserved 278528K
  class space    used 3330K, capacity 3556K, committed 3584K, reserved 253952K
}
Event: 7.536 GC heap after
{Heap after GC invocations=4 (full 0):
 garbage-first heap   total 262144K, used 18235K [0x00000000e0000000, 0x0000000100000000)
  region size 1024K, 3 young (3072K), 3 survivors (3072K)
 Metaspace       used 25492K, capacity 26113K, committed 26288K, reserved 278528K
  class space    used 3330K, capacity 3556K, committed 3584K, reserved 253952K
}
Event: 8.739 GC heap before
{Heap before GC invocations=4 (full 0):
 garbage-first heap   total 262144K, used 76603K [0x00000000e0000000, 0x0000000100000000)
  region size 1024K, 61 young (62464K), 3 survivors (3072K)
 Metaspace       used 34928K, capacity 35646K, committed 35708K, reserved 286720K
  class space    used 4575K, capacity 4862K, committed 4864K, reserved 253952K
}
Event: 8.745 GC heap after
{Heap after GC invocations=5 (full 0):
 garbage-first heap   total 262144K, used 21373K [0x00000000e0000000, 0x0000000100000000)
  region size 1024K, 6 young (6144K), 6 survivors (6144K)
 Metaspace       used 34928K, capacity 35646K, committed 35708K, reserved 286720K
  class space    used 4575K, capacity 4862K, committed 4864K, reserved 253952K
}
Event: 10.951 GC heap before
{Heap before GC invocations=6 (full 0):
 garbage-first heap   total 262144K, used 139133K [0x00000000e0000000, 0x0000000100000000)
  region size 1024K, 118 young (120832K), 6 survivors (6144K)
 Metaspace       used 45327K, capacity 46505K, committed 46716K, reserved 294912K
  class space    used 5863K, capacity 6284K, committed 6400K, reserved 253952K
}
Event: 10.961 GC heap after
{Heap after GC invocations=7 (full 0):
 garbage-first heap   total 262144K, used 26229K [0x00000000e0000000, 0x0000000100000000)
  region size 1024K, 11 young (11264K), 11 survivors (11264K)
 Metaspace       used 45327K, capacity 46505K, committed 46716K, reserved 294912K
  class space    used 5863K, capacity 6284K, committed 6400K, reserved 253952K
}
Event: 13.523 GC heap before
{Heap before GC invocations=7 (full 0):
 garbage-first heap   total 262144K, used 170613K [0x00000000e0000000, 0x0000000100000000)
  region size 1024K, 153 young (156672K), 11 survivors (11264K)
 Metaspace       used 57887K, capacity 59552K, committed 59900K, reserved 307200K
  class space    used 7590K, capacity 8203K, committed 8320K, reserved 253952K
}
Event: 13.547 GC heap after
{Heap after GC invocations=8 (full 0):
 garbage-first heap   total 262144K, used 35849K [0x00000000e0000000, 0x0000000100000000)
  region size 1024K, 20 young (20480K), 20 survivors (20480K)
 Metaspace       used 57887K, capacity 59552K, committed 59900K, reserved 307200K
  class space    used 7590K, capacity 8203K, committed 8320K, reserved 253952K
}
Event: 13.637 GC heap before
{Heap before GC invocations=8 (full 0):
 garbage-first heap   total 262144K, used 39945K [0x00000000e0000000, 0x0000000100000000)
  region size 1024K, 25 young (25600K), 20 survivors (20480K)
 Metaspace       used 58209K, capacity 59811K, committed 59900K, reserved 307200K
  class space    used 7636K, capacity 8247K, committed 8320K, reserved 253952K
}
Event: 13.657 GC heap after
{Heap after GC invocations=9 (full 0):
 garbage-first heap   total 262144K, used 36512K [0x00000000e0000000, 0x0000000100000000)
  region size 1024K, 11 young (11264K), 11 survivors (11264K)
 Metaspace       used 58209K, capacity 59811K, committed 59900K, reserved 307200K
  class space    used 7636K, capacity 8247K, committed 8320K, reserved 253952K
}

Deoptimization events (10 events):
Event: 16.367 Thread 0x00000261b8ce8800 Uncommon trap: reason=unstable_if action=reinterpret pc=0x00000261a8b62e94 method=com.esotericsoftware.kryo.io.Input.require(I)I @ 180 c2
Event: 29.884 Thread 0x00000261b6243000 Uncommon trap: reason=bimorphic_or_optimized_type_check action=maybe_recompile pc=0x00000261a8c9ab34 method=java.io.DataInputStream.readInt()I @ 4 c2
Event: 29.885 Thread 0x00000261b6243000 Uncommon trap: reason=bimorphic_or_optimized_type_check action=maybe_recompile pc=0x00000261a8c9ab34 method=java.io.DataInputStream.readInt()I @ 4 c2
Event: 29.885 Thread 0x00000261b6243000 Uncommon trap: reason=bimorphic_or_optimized_type_check action=maybe_recompile pc=0x00000261a8c9ab34 method=java.io.DataInputStream.readInt()I @ 4 c2
Event: 29.885 Thread 0x00000261b6243000 Uncommon trap: reason=bimorphic_or_optimized_type_check action=maybe_recompile pc=0x00000261a8c9ab34 method=java.io.DataInputStream.readInt()I @ 4 c2
Event: 29.922 Thread 0x00000261b7f3f800 Uncommon trap: reason=predicate action=maybe_recompile pc=0x00000261a8bb92ec method=java.util.TreeMap.getEntryUsingComparator(Ljava/lang/Object;)Ljava/util/TreeMap$Entry; @ 19 c2
Event: 29.951 Thread 0x00000261b7f3f800 Uncommon trap: reason=bimorphic_or_optimized_type_check action=maybe_recompile pc=0x00000261a8a45588 method=com.google.common.base.CharMatcher.indexIn(Ljava/lang/CharSequence;I)I @ 31 c2
Event: 30.068 Thread 0x00000261b7f3f800 Uncommon trap: reason=unstable_if action=reinterpret pc=0x00000261a8c970a4 method=org.gradle.internal.snapshot.PathUtil.compareCharsIgnoringCase(CC)I @ 33 c2
Event: 30.563 Thread 0x00000261bbdfa000 Uncommon trap: reason=unstable_if action=reinterpret pc=0x00000261a89fa604 method=org.gradle.internal.snapshot.VfsRelativePath.compareToFirstSegment(Ljava/lang/String;Lorg/gradle/internal/snapshot/CaseSensitivity;)I @ 134 c2
Event: 34.293 Thread 0x00000261b7f3f800 Uncommon trap: reason=class_check action=make_not_entrant pc=0x00000261a8a79ddc method=java.util.ArrayList.toArray([Ljava/lang/Object;)[Ljava/lang/Object; @ 21 c2

Classes redefined (0 events):
No events

Internal exceptions (10 events):
Event: 16.115 Thread 0x00000261b7f3f800 Exception <a 'java/lang/NoSuchMethodError'{0x00000000ebed3978}: java.lang.invoke.DirectMethodHandle$Holder.invokeSpecial(Ljava/lang/Object;Ljava/lang/Object;Ljava/lang/Object;Ljava/lang/Object;IILjava/lang/Object;)Ljava/lang/Object;> (0x00000000ebed3978) 
Event: 16.115 Thread 0x00000261b7f3f800 Exception <a 'java/lang/NoSuchMethodError'{0x00000000ebed6e98}: java.lang.invoke.Invokers$Holder.linkToTargetMethod(Ljava/lang/Object;Ljava/lang/Object;IILjava/lang/Object;Ljava/lang/Object;)Ljava/lang/Object;> (0x00000000ebed6e98) thrown at [t:/workspace
Event: 16.266 Thread 0x00000261b91a8800 Exception <a 'java/lang/NoSuchMethodError'{0x00000000eba26f18}: <clinit>> (0x00000000eba26f18) thrown at [t:/workspace/open/src/hotspot/share/prims/jni.cpp, line 1364]
Event: 16.268 Thread 0x00000261b91a8800 Exception <a 'java/lang/NoSuchMethodError'{0x00000000eba37d48}: <clinit>> (0x00000000eba37d48) thrown at [t:/workspace/open/src/hotspot/share/prims/jni.cpp, line 1364]
Event: 16.269 Thread 0x00000261b91a8800 Exception <a 'java/lang/NoSuchMethodError'{0x00000000eba39418}: <clinit>> (0x00000000eba39418) thrown at [t:/workspace/open/src/hotspot/share/prims/jni.cpp, line 1364]
Event: 16.271 Thread 0x00000261b91a8800 Exception <a 'java/lang/NoSuchMethodError'{0x00000000eba4b900}: <clinit>> (0x00000000eba4b900) thrown at [t:/workspace/open/src/hotspot/share/prims/jni.cpp, line 1364]
Event: 16.272 Thread 0x00000261b91a8800 Exception <a 'java/lang/NoSuchMethodError'{0x00000000eba57b38}: <clinit>> (0x00000000eba57b38) thrown at [t:/workspace/open/src/hotspot/share/prims/jni.cpp, line 1364]
Event: 30.886 Thread 0x00000261bbdfa000 Exception <a 'java/lang/reflect/InvocationTargetException'{0x00000000e9a8da38}> (0x00000000e9a8da38) thrown at [t:/workspace/open/src/hotspot/share/runtime/reflection.cpp, line 1242]
Event: 34.313 Thread 0x00000261b7f3f800 Exception <a 'java/lang/OutOfMemoryError'{0x00000000e98fcc80}: unable to create native thread: possibly out of memory or process/resource limits reached> (0x00000000e98fcc80) thrown at [t:/workspace/open/src/hotspot/share/prims/jvm.cpp, line 2914]
Event: 34.313 Thread 0x00000261b7f3f800 Exception <a 'java/lang/reflect/InvocationTargetException'{0x00000000e98fd9f0}> (0x00000000e98fd9f0) thrown at [t:/workspace/open/src/hotspot/share/runtime/reflection.cpp, line 1242]

Events (10 events):
Event: 34.272 Thread 0x00000261b5c9d800 Thread added: 0x00000261b5c9d800
Event: 34.281 Thread 0x00000261b5c98000 Thread added: 0x00000261b5c98000
Event: 34.290 Thread 0x00000261b5c99800 Thread added: 0x00000261b5c99800
Event: 34.291 Thread 0x00000261b5c9b000 Thread added: 0x00000261b5c9b000
Event: 34.292 Thread 0x00000261b6244000 Thread added: 0x00000261b6244000
Event: 34.293 Thread 0x00000261b7f3f800 Uncommon trap: trap_request=0xffffffdc fr.pc=0x00000261a8a79ddc relative=0x000000000000029c
Event: 34.293 Thread 0x00000261b7f3f800 DEOPT PACKING pc=0x00000261a8a79ddc sp=0x0000009b887fddc0
Event: 34.293 Thread 0x00000261b7f3f800 DEOPT UNPACKING pc=0x00000261a0e98f2f sp=0x0000009b887fdd90 mode 2
Event: 34.298 Thread 0x00000261b6248000 Thread added: 0x00000261b6248000
Event: 34.310 Thread 0x00000261b6245800 Thread added: 0x00000261b6245800


Dynamic libraries:
0x00007ff66c110000 - 0x00007ff66c157000 	C:\study\java\jdk11\jdk\bin\java.exe
0x00007ffee1300000 - 0x00007ffee1509000 	C:\WINDOWS\SYSTEM32\ntdll.dll
0x00007ffedfe10000 - 0x00007ffedfece000 	C:\WINDOWS\System32\KERNEL32.DLL
0x00007ffeded60000 - 0x00007ffedf0db000 	C:\WINDOWS\System32\KERNELBASE.dll
0x00007ffee10c0000 - 0x00007ffee116e000 	C:\WINDOWS\System32\ADVAPI32.dll
0x00007ffee05d0000 - 0x00007ffee0673000 	C:\WINDOWS\System32\msvcrt.dll
0x00007ffedf430000 - 0x00007ffedf4ce000 	C:\WINDOWS\System32\sechost.dll
0x00007ffedf930000 - 0x00007ffedfa50000 	C:\WINDOWS\System32\RPCRT4.dll
0x00007ffee0420000 - 0x00007ffee05cd000 	C:\WINDOWS\System32\USER32.dll
0x00007ffedec10000 - 0x00007ffedec36000 	C:\WINDOWS\System32\win32u.dll
0x00007ffee07b0000 - 0x00007ffee07d9000 	C:\WINDOWS\System32\GDI32.dll
0x00007ffedec40000 - 0x00007ffeded58000 	C:\WINDOWS\System32\gdi32full.dll
0x00007ffedf0e0000 - 0x00007ffedf17d000 	C:\WINDOWS\System32\msvcp_win.dll
0x00007ffedea30000 - 0x00007ffedeb41000 	C:\WINDOWS\System32\ucrtbase.dll
0x00007ffec2390000 - 0x00007ffec2635000 	C:\WINDOWS\WinSxS\amd64_microsoft.windows.common-controls_6595b64144ccf1df_6.0.22000.120_none_9d947278b86cc467\COMCTL32.dll
0x00007ffed8ce0000 - 0x00007ffed8cea000 	C:\WINDOWS\SYSTEM32\VERSION.dll
0x00007ffedfae0000 - 0x00007ffedfb12000 	C:\WINDOWS\System32\IMM32.DLL
0x00007ffeca9e0000 - 0x00007ffeca9f6000 	C:\study\java\jdk11\jdk\bin\vcruntime140.dll
0x00007ffeaa080000 - 0x00007ffeaa12a000 	C:\study\java\jdk11\jdk\bin\msvcp140.dll
0x00007ffe9a3c0000 - 0x00007ffe9aee9000 	C:\study\java\jdk11\jdk\bin\server\jvm.dll
0x00007ffedfb80000 - 0x00007ffedfb88000 	C:\WINDOWS\System32\PSAPI.DLL
0x00007ffece3a0000 - 0x00007ffece3a9000 	C:\WINDOWS\SYSTEM32\WSOCK32.dll
0x00007ffed9130000 - 0x00007ffed9163000 	C:\WINDOWS\SYSTEM32\WINMM.dll
0x00007ffedfed0000 - 0x00007ffedff3f000 	C:\WINDOWS\System32\WS2_32.dll
0x00007ffedd940000 - 0x00007ffedd958000 	C:\WINDOWS\SYSTEM32\kernel.appcore.dll
0x00007ffeca950000 - 0x00007ffeca961000 	C:\study\java\jdk11\jdk\bin\verify.dll
0x00007ffecb230000 - 0x00007ffecb451000 	C:\WINDOWS\SYSTEM32\DBGHELP.DLL
0x00007ffec8b00000 - 0x00007ffec8b31000 	C:\WINDOWS\SYSTEM32\dbgcore.DLL
0x00007ffede940000 - 0x00007ffede9bf000 	C:\WINDOWS\System32\bcryptPrimitives.dll
0x00007ffec3700000 - 0x00007ffec3729000 	C:\study\java\jdk11\jdk\bin\java.dll
0x00007ffec74a0000 - 0x00007ffec74b6000 	C:\study\java\jdk11\jdk\bin\zip.dll
0x00007ffecabf0000 - 0x00007ffecabfa000 	C:\study\java\jdk11\jdk\bin\jimage.dll
0x00007ffee0860000 - 0x00007ffee1017000 	C:\WINDOWS\System32\SHELL32.dll
0x00007ffedc8d0000 - 0x00007ffedd135000 	C:\WINDOWS\SYSTEM32\windows.storage.dll
0x00007ffedf5a0000 - 0x00007ffedf918000 	C:\WINDOWS\System32\combase.dll
0x00007ffedc760000 - 0x00007ffedc8c6000 	C:\WINDOWS\SYSTEM32\wintypes.dll
0x00007ffee11d0000 - 0x00007ffee12ba000 	C:\WINDOWS\System32\SHCORE.dll
0x00007ffee1040000 - 0x00007ffee109d000 	C:\WINDOWS\System32\shlwapi.dll
0x00007ffede700000 - 0x00007ffede721000 	C:\WINDOWS\SYSTEM32\profapi.dll
0x00007ffec36e0000 - 0x00007ffec36f9000 	C:\study\java\jdk11\jdk\bin\net.dll
0x00007ffed8a20000 - 0x00007ffed8b34000 	C:\WINDOWS\SYSTEM32\WINHTTP.dll
0x00007ffeddde0000 - 0x00007ffedde47000 	C:\WINDOWS\system32\mswsock.dll
0x00007ffebdb00000 - 0x00007ffebdb13000 	C:\study\java\jdk11\jdk\bin\nio.dll
0x00007ffec99e0000 - 0x00007ffec9a07000 	C:\study\java\ideaIU-2018.3.3\gradle-7.6\native\fdc75f09e3144964f2cf3f50f0aa648679c211496f362492102eb8c894070792\windows-amd64\native-platform.dll
0x00007ffe9d830000 - 0x00007ffe9d9c6000 	C:\study\java\ideaIU-2018.3.3\gradle-7.6\native\12488b8bf47d2d4c9fbf2f6322a914ad602e24e48041cd04a747c6da556b65c4\windows-amd64\native-platform-file-events.dll
0x00007ffecaaf0000 - 0x00007ffecaaf9000 	C:\study\java\jdk11\jdk\bin\management.dll
0x00007ffec9be0000 - 0x00007ffec9bec000 	C:\study\java\jdk11\jdk\bin\management_ext.dll
0x00007ffede030000 - 0x00007ffede048000 	C:\WINDOWS\SYSTEM32\CRYPTSP.dll
0x00007ffedd8a0000 - 0x00007ffedd8d5000 	C:\WINDOWS\system32\rsaenh.dll
0x00007ffedded0000 - 0x00007ffeddef9000 	C:\WINDOWS\SYSTEM32\USERENV.dll
0x00007ffede1b0000 - 0x00007ffede1d7000 	C:\WINDOWS\SYSTEM32\bcrypt.dll
0x00007ffede020000 - 0x00007ffede02c000 	C:\WINDOWS\SYSTEM32\CRYPTBASE.dll
0x00007ffedd470000 - 0x00007ffedd49d000 	C:\WINDOWS\SYSTEM32\IPHLPAPI.DLL
0x00007ffedf590000 - 0x00007ffedf599000 	C:\WINDOWS\System32\NSI.dll
0x00007ffed8a00000 - 0x00007ffed8a19000 	C:\WINDOWS\SYSTEM32\dhcpcsvc6.DLL
0x00007ffed9750000 - 0x00007ffed976e000 	C:\WINDOWS\SYSTEM32\dhcpcsvc.DLL
0x00007ffedd4a0000 - 0x00007ffedd588000 	C:\WINDOWS\SYSTEM32\DNSAPI.dll
0x00007ffed8980000 - 0x00007ffed898c000 	C:\WINDOWS\SYSTEM32\WINNSI.DLL

dbghelp: loaded successfully - version: 4.0.5 - missing functions: none
symbol engine: initialized successfully - sym options: 0x614 - pdb path: .;C:\study\java\jdk11\jdk\bin;C:\WINDOWS\SYSTEM32;C:\WINDOWS\WinSxS\amd64_microsoft.windows.common-controls_6595b64144ccf1df_6.0.22000.120_none_9d947278b86cc467;C:\study\java\jdk11\jdk\bin\server;C:\study\java\ideaIU-2018.3.3\gradle-7.6\native\fdc75f09e3144964f2cf3f50f0aa648679c211496f362492102eb8c894070792\windows-amd64;C:\study\java\ideaIU-2018.3.3\gradle-7.6\native\12488b8bf47d2d4c9fbf2f6322a914ad602e24e48041cd04a747c6da556b65c4\windows-amd64

VM Arguments:
jvm_args: --add-opens=java.base/java.util=ALL-UNNAMED --add-opens=java.base/java.lang=ALL-UNNAMED --add-opens=java.base/java.lang.invoke=ALL-UNNAMED --add-opens=java.prefs/java.util.prefs=ALL-UNNAMED -XX:MaxMetaspaceSize=256m -XX:+HeapDumpOnOutOfMemoryError -Xms256m -Xmx512m -Dfile.encoding=GBK -Duser.country=CN -Duser.language=zh -Duser.variant 
java_command: org.gradle.launcher.daemon.bootstrap.GradleDaemon 6.8
java_class_path (initial): C:\study\java\ideaIU-2018.3.3\gradle-7.6\wrapper\dists\gradle-6.8-bin\1jblhjyydfkclfzx1agp92nyl\gradle-6.8\lib\gradle-launcher-6.8.jar
Launcher Type: SUN_STANDARD

[Global flags]
     intx CICompilerCount                          = 4                                         {product} {ergonomic}
   size_t CompressedClassSpaceSize                 = 260046848                                 {product} {ergonomic}
     uint ConcGCThreads                            = 3                                         {product} {ergonomic}
     uint G1ConcRefinementThreads                  = 10                                        {product} {ergonomic}
   size_t G1HeapRegionSize                         = 1048576                                   {product} {ergonomic}
    uintx GCDrainStackTargetSize                   = 64                                        {product} {ergonomic}
     bool HeapDumpOnOutOfMemoryError               = true                                   {manageable} {command line}
   size_t InitialHeapSize                          = 268435456                                 {product} {command line}
   size_t MarkStackSize                            = 4194304                                   {product} {ergonomic}
   size_t MaxHeapSize                              = 536870912                                 {product} {command line}
   size_t MaxMetaspaceSize                         = 268435456                                 {product} {command line}
   size_t MaxNewSize                               = 321912832                                 {product} {ergonomic}
   size_t MinHeapDeltaBytes                        = 1048576                                   {product} {ergonomic}
    uintx NonNMethodCodeHeapSize                   = 5836300                                {pd product} {ergonomic}
    uintx NonProfiledCodeHeapSize                  = 122910970                              {pd product} {ergonomic}
    uintx ProfiledCodeHeapSize                     = 122910970                              {pd product} {ergonomic}
    uintx ReservedCodeCacheSize                    = 251658240                              {pd product} {ergonomic}
     bool SegmentedCodeCache                       = true                                      {product} {ergonomic}
     bool UseCompressedClassPointers               = true                                 {lp64_product} {ergonomic}
     bool UseCompressedOops                        = true                                 {lp64_product} {ergonomic}
     bool UseG1GC                                  = true                                      {product} {ergonomic}
     bool UseLargePagesIndividualAllocation        = false                                  {pd product} {ergonomic}

Logging:
Log output configuration:
 #0: stdout all=warning uptime,level,tags
 #1: stderr all=off uptime,level,tags

Environment Variables:
JAVA_HOME=C:\study\java\jdk
CLASSPATH=C:\study\SoffTtest\apache-jmeter-5.1.1\lib\ext\ApacheJMeter_core.jar;C:\study\SoffTtest\apache-jmeter-5.1.1\lib\jorphan.jar;
PATH=C:\ProgramData\Oracle\Java\javapath;C:\Program Files (x86)\Intel\Intel(R) Management Engine Components\iCLS\;C:\Program Files\Intel\Intel(R) Management Engine Components\iCLS\;C:\Windows\system32;C:\Windows;C:\Windows\System32\Wbem;C:\Windows\System32\WindowsPowerShell\v1.0\;C:\Windows\System32\OpenSSH\;C:\Program Files (x86)\NVIDIA Corporation\PhysX\Common;C:\Program Files (x86)\Intel\Intel(R) Management Engine Components\DAL;C:\Program Files\Intel\Intel(R) Management Engine Components\DAL;C:\Program Files (x86)\Intel\Intel(R) Management Engine Components\IPT;C:\Program Files\Intel\Intel(R) Management Engine Components\IPT;C:\Program Files\Intel\WiFi\bin\;C:\Program Files\Common Files\Intel\WirelessCommon\;C:\study\java\jdk\bin;D:\Myeclipse10\MySQL\bin;D:\study\git\Git\cmd;D:\eclipse\SVN\SVNserver\bin;D:\eclipse\SVN\TortoiseSVN\bin;C:\study\java\ideaIU-2018.3.3\apache-maven-3.3.9\bin;C:\study\MongoDB\MongoDB\bin;C:\study\MySQLMySQL Server 5.5\bin;C:\study\nodejs\;C:\study\Git\cmd;C:\study\SVN\VisualSVN Serve\bin;C:\study\SVN\TortoiseSVN-1.9.4.27285-x64-svn-1.9.4\bin;C:\Program Files\MySQL\MySQL Server 5.7\bin;C:\Program Files\NVIDIA Corporation\NVIDIA NvDLISR;C:\study\java\nacos\curl-7.66.0-win64-mingw\bin;C:\study\java\redis-desktop-manager-0.8.8.384\redis-64.3.0.503;C:\WINDOWS\system32;C:\WINDOWS;C:\WINDOWS\System32\Wbem;C:\WINDOWS\System32\WindowsPowerShell\v1.0\;C:\WINDOWS\System32\OpenSSH\;C:\study\RabbitMq\Erlang\bin;C:\study\RabbitMq\RabbitMQServer\rabbitmq_server-3.11.1\sbin;C:\study\java\ideaIU-2018.3.3\gradle-7.6\bin;C:\Program Files\MySQL\MySQL Shell 8.0\bin\;C:\Users\17906\AppData\Local\Programs\Python\Python37\Scripts\;C:\Users\17906\AppData\Local\Programs\Python\Python37\;C:\Users\17906\AppData\Local\Microsoft\WindowsApps;C:\Program Files\Intel\WiFi\bin\;C:\Program Files\Common Files\Intel\WirelessCommon\;C:\Users\17906\AppData\Roaming\npm;C:\study\java\ideaIU-2018.3.3\IntelliJ IDEA 2018.3.3\bin;;C:\study\VSCode\Microsoft VS Code\bin;C:\Program File
USERNAME=17906
OS=Windows_NT
PROCESSOR_IDENTIFIER=Intel64 Family 6 Model 158 Stepping 10, GenuineIntel



---------------  S Y S T E M  ---------------

OS: Windows 10 , 64 bit Build 22000 (10.0.22000.1335)

CPU:total 12 (initial active 12) (6 cores per cpu, 2 threads per core) family 6 model 158 stepping 10, cmov, cx8, fxsr, mmx, sse, sse2, sse3, ssse3, sse4.1, sse4.2, popcnt, avx, avx2, aes, clmul, erms, 3dnowpref, lzcnt, ht, tsc, tscinvbit, bmi1, bmi2, adx, fma

Memory: 4k page, system-wide physical 16230M (1715M free)
TotalPageFile size 65382M (AvailPageFile size 2M)
current process WorkingSet (physical memory assigned to process): 378M, peak: 410M
current process commit charge ("private bytes"): 485M, peak: 518M

vm_info: Java HotSpot(TM) 64-Bit Server VM (11.0.6+8-LTS) for windows-amd64 JRE (11.0.6+8-LTS), built on Dec 11 2019 09:17:57 by "mach5one" with MS VC++ 15.5 (VS2017)

END.
